<?xml version="1.0" encoding="UTF-8"?>
<!-- Generated by org.testng.reporters.JUnitXMLReporter -->
<testsuite hostname="KRISHNA-HP" ignored="0" name="Test" tests="2" failures="1" timestamp="20 Dec 2017 15:21:24 GMT" time="23.623" errors="0">
  <testcase name="login_Page" time="0.01" classname="TestScenario.RunnerClass"/>
  <testcase name="open_a_browser" time="0.0" classname="TestScenario.RunnerClass">
    <failure type="org.testng.TestNGException" message="
Cannot inject @Test annotated Method [open_a_browser] with [class java.lang.String].
For more information on native dependency injection please refer to http://testng.org/doc/documentation-main.html#native-dependency-injection">
      <![CDATA[org.testng.TestNGException: 
Cannot inject @Test annotated Method [open_a_browser] with [class java.lang.String].
For more information on native dependency injection please refer to http://testng.org/doc/documentation-main.html#native-dependency-injection
... Removed 24 stack frames]]>
    </failure>
  </testcase> <!-- open_a_browser -->
</testsuite> <!-- Test -->
