<?xml version="1.0" encoding="UTF-8"?>
<testng-results skipped="0" failed="1" ignored="0" total="1" passed="0">
  <reporter-output>
  </reporter-output>
  <suite name="Default suite" duration-ms="36290" started-at="2018-04-20T16:07:47Z" finished-at="2018-04-20T16:08:23Z">
    <groups>
    </groups>
    <test name="Default test" duration-ms="36290" started-at="2018-04-20T16:07:47Z" finished-at="2018-04-20T16:08:23Z">
      <class name="TestScenario.FlightBookingTest">
        <test-method status="PASS" signature="init(java.lang.reflect.Method)[pri:0, instance:TestScenario.FlightBookingTest@2bbf4b8b]" name="init" is-config="true" duration-ms="33541" started-at="2018-04-20T21:37:47Z" finished-at="2018-04-20T21:38:20Z">
          <params>
            <param index="0">
              <value>
                <![CDATA[private void TestScenario.FlightBookingTest.BranchLocator1001()]]>
              </value>
            </param>
          </params>
          <reporter-output>
          </reporter-output>
        </test-method> <!-- init -->
        <test-method status="FAIL" signature="BranchLocator1001()[pri:1, instance:TestScenario.FlightBookingTest@2bbf4b8b]" name="BranchLocator1001" duration-ms="2715" started-at="2018-04-20T21:38:20Z" finished-at="2018-04-20T21:38:23Z">
          <exception class="java.lang.ClassCastException">
            <message>
              <![CDATA[com.sun.proxy.$Proxy6 cannot be cast to org.openqa.selenium.By]]>
            </message>
            <full-stacktrace>
              <![CDATA[java.lang.ClassCastException: com.sun.proxy.$Proxy6 cannot be cast to org.openqa.selenium.By
	at Generic.BaseClass.isElementPresent(BaseClass.java:206)
	at POM.FlightBookingPage.testThatResultsAppearForAOneWayJourney(FlightBookingPage.java:75)
	at TestScenario.FlightBookingTest.BranchLocator1001(FlightBookingTest.java:23)
	at sun.reflect.NativeMethodAccessorImpl.invoke0(Native Method)
	at sun.reflect.NativeMethodAccessorImpl.invoke(NativeMethodAccessorImpl.java:62)
	at sun.reflect.DelegatingMethodAccessorImpl.invoke(DelegatingMethodAccessorImpl.java:43)
	at java.lang.reflect.Method.invoke(Method.java:498)
	at org.testng.internal.MethodInvocationHelper.invokeMethod(MethodInvocationHelper.java:104)
	at org.testng.internal.Invoker.invokeMethod(Invoker.java:645)
	at org.testng.internal.Invoker.invokeTestMethod(Invoker.java:851)
	at org.testng.internal.Invoker.invokeTestMethods(Invoker.java:1177)
	at org.testng.internal.TestMethodWorker.invokeTestMethods(TestMethodWorker.java:129)
	at org.testng.internal.TestMethodWorker.run(TestMethodWorker.java:112)
	at org.testng.TestRunner.privateRun(TestRunner.java:756)
	at org.testng.TestRunner.run(TestRunner.java:610)
	at org.testng.SuiteRunner.runTest(SuiteRunner.java:387)
	at org.testng.SuiteRunner.runSequentially(SuiteRunner.java:382)
	at org.testng.SuiteRunner.privateRun(SuiteRunner.java:340)
	at org.testng.SuiteRunner.run(SuiteRunner.java:289)
	at org.testng.SuiteRunnerWorker.runSuite(SuiteRunnerWorker.java:52)
	at org.testng.SuiteRunnerWorker.run(SuiteRunnerWorker.java:86)
	at org.testng.TestNG.runSuitesSequentially(TestNG.java:1293)
	at org.testng.TestNG.runSuitesLocally(TestNG.java:1218)
	at org.testng.TestNG.runSuites(TestNG.java:1133)
	at org.testng.TestNG.run(TestNG.java:1104)
	at org.testng.remote.AbstractRemoteTestNG.run(AbstractRemoteTestNG.java:114)
	at org.testng.remote.RemoteTestNG.initAndRun(RemoteTestNG.java:251)
	at org.testng.remote.RemoteTestNG.main(RemoteTestNG.java:77)
]]>
            </full-stacktrace>
          </exception> <!-- java.lang.ClassCastException -->
          <reporter-output>
          </reporter-output>
        </test-method> <!-- BranchLocator1001 -->
      </class> <!-- TestScenario.FlightBookingTest -->
    </test> <!-- Default test -->
  </suite> <!-- Default suite -->
</testng-results>
